Arguments: 
  C:\Program Files\nodejs\node.exe C:\Program Files (x86)\Yarn\bin\yarn.js start

PATH: 
  C:\Python38\Scripts\;C:\Python38\;C:\Users\Ravi\gcc\bin;C:\Users\Ravi\gcc\libexec\gcc\x86_64-w64-mingw32\10.0.0;C:\ProgramData\Oracle\Java\javapath;C:\WINDOWS\system32;C:\WINDOWS;C:\WINDOWS\System32\Wbem;C:\WINDOWS\System32\WindowsPowerShell\v1.0\;C:\WINDOWS\System32\OpenSSH\;C:\Program Files (x86)\Brackets\command;C:\Program Files\nodejs\;C:\ProgramData\chocolatey\bin;C:\Program Files\Git\cmd;C:\Program Files (x86)\Yarn\bin\;C:\Users\Ravi\AppData\Local\Programs\Python\Python37\Scripts\;C:\Users\Ravi\AppData\Local\Programs\Python\Python37\;C:\Users\Ravi\AppData\Local\Microsoft\WindowsApps;C:\Program Files\JetBrains\IntelliJ IDEA 2019.1.2\bin;C:\Users\Ravi\AppData\Local\GitHubDesktop\bin;E:\software\flutter\bin;;C:\Users\Ravi\AppData\Local\Programs\Microsoft VS Code\bin;C:\Users\Ravi\AppData\Roaming\npm;C:\Users\Ravi\AppData\Local\Yarn\bin

Yarn version: 
  1.22.4

Node version: 
  12.17.0

Platform: 
  win32 x64

Trace: 
  SyntaxError: F:\Web-development-coursera\Bootstrap\conFusion\package.json: Unexpected token } in JSON at position 445
      at JSON.parse (<anonymous>)
      at C:\Program Files (x86)\Yarn\lib\cli.js:1625:59
      at Generator.next (<anonymous>)
      at step (C:\Program Files (x86)\Yarn\lib\cli.js:310:30)
      at C:\Program Files (x86)\Yarn\lib\cli.js:321:13

npm manifest: 
  {
    "name": "confusion",
    "version": "1.0.0",
    "description": "This is a website for Ristorante Con Fusion",
    "main": "index.html",
    "scripts": {
      "start": "npm run watch:all",
      "test": "echo \"Error: no test specified\" && exit 1",
      "lite": "lite-server",
      "scss": "node sass -o css/ css/",
      "watch:scss": "onchange \"css/*.scss\" -- npm run scss",
      "watch:all": "parallelshell \"npm run watch:scss\" \"npm run lite\"",
    },
    "author": "",
    "license": "ISC",
    "devDependencies": {
      "lite-server": "^2.3.0",
      "node-sass": "^4.14.1",
      "onchange": "^7.0.2"
    },
    "dependencies": {
      "bootstrap": "^4.5.0",
      "bootstrap-social": "^5.1.1",
      "font-awesome": "^4.7.0",
      "jquery": "^3.5.1",
      "popper.js": "^1.16.1"
    }
  }

yarn manifest: 
  No manifest

Lockfile: 
  No lockfile
